c:\users\h3rb\documents\visual studio 2015\projects\zerotypes\zerotypes\debug\macros.obj
c:\users\h3rb\documents\visual studio 2015\projects\zerotypes\zerotypes\debug\stdafx.obj
c:\users\h3rb\documents\visual studio 2015\projects\zerotypes\zerotypes\debug\strings.obj
c:\users\h3rb\documents\visual studio 2015\projects\zerotypes\zerotypes\debug\linkedlist.obj
c:\users\h3rb\documents\visual studio 2015\projects\zerotypes\zerotypes\debug\cdatetime.obj
c:\users\h3rb\documents\visual studio 2015\projects\zerotypes\zerotypes\debug\string_functions.obj
c:\users\h3rb\documents\visual studio 2015\projects\zerotypes\zerotypes\debug\binaryfile.obj
c:\users\h3rb\documents\visual studio 2015\projects\zerotypes\zerotypes\debug\listitem.obj
c:\users\h3rb\documents\visual studio 2015\projects\zerotypes\zerotypes\debug\main.obj
c:\users\h3rb\documents\visual studio 2015\projects\zerotypes\zerotypes\debug\binaryfiletest.obj
c:\users\h3rb\documents\visual studio 2015\projects\zerotypes\zerotypes\debug\zindexed.obj
c:\users\h3rb\documents\visual studio 2015\projects\zerotypes\zerotypes\debug\examples.obj
c:\users\h3rb\documents\visual studio 2015\projects\zerotypes\zerotypes\debug\numbers.obj
c:\users\h3rb\documents\visual studio 2015\projects\zerotypes\zerotypes\debug\indexed.obj
c:\users\h3rb\documents\visual studio 2015\projects\zerotypes\zerotypes\debug\moremath.obj
c:\users\h3rb\documents\visual studio 2015\projects\zerotypes\zerotypes\debug\json.obj
c:\users\h3rb\documents\visual studio 2015\projects\zerotypes\zerotypes\debug\zerotypes.obj
c:\users\h3rb\documents\visual studio 2015\projects\zerotypes\zerotypes\debug\randoms.obj
c:\users\h3rb\documents\visual studio 2015\projects\zerotypes\zerotypes\debug\vc140.pdb
c:\users\h3rb\documents\visual studio 2015\projects\zerotypes\debug\zerotypes.ilk
c:\users\h3rb\documents\visual studio 2015\projects\zerotypes\debug\zerotypes.exe
c:\users\h3rb\documents\visual studio 2015\projects\zerotypes\debug\zerotypes.pdb
c:\users\h3rb\documents\visual studio 2015\projects\zerotypes\zerotypes\debug\zerotypes.tlog\cl.command.1.tlog
c:\users\h3rb\documents\visual studio 2015\projects\zerotypes\zerotypes\debug\zerotypes.tlog\cl.read.1.tlog
c:\users\h3rb\documents\visual studio 2015\projects\zerotypes\zerotypes\debug\zerotypes.tlog\cl.write.1.tlog
c:\users\h3rb\documents\visual studio 2015\projects\zerotypes\zerotypes\debug\zerotypes.tlog\link.command.1.tlog
c:\users\h3rb\documents\visual studio 2015\projects\zerotypes\zerotypes\debug\zerotypes.tlog\link.read.1.tlog
c:\users\h3rb\documents\visual studio 2015\projects\zerotypes\zerotypes\debug\zerotypes.tlog\link.write.1.tlog
